<?xml version="1.0" encoding="UTF-8"?>
<testng-results skipped="0" failed="1" ignored="1" total="6" passed="4">
  <reporter-output>
    <line>
      <![CDATA[Click On Bank Manager Login Tab:[[ChromeDriver: chrome on WINDOWS (7560ad16735da06bb96fab0986b9228f)] -> xpath: //div[@class='borderM box padT20']/child::div[2]/button]]]>
    </line>
    <line>
      <![CDATA[Click On Add customer Tab:[[ChromeDriver: chrome on WINDOWS (7560ad16735da06bb96fab0986b9228f)] -> xpath: //button[@ng-class='btnClass1']]]]>
    </line>
    <line>
      <![CDATA[Clicking on Add Customer Tab : [[ChromeDriver: chrome on WINDOWS (7560ad16735da06bb96fab0986b9228f)] -> xpath: //button[@class='btn btn-default']]]]>
    </line>
    <line>
      <![CDATA[Click On Bank Manager Login Tab:[[ChromeDriver: chrome on WINDOWS (588a311359608cd71347d5b9d16f0187)] -> xpath: //div[@class='borderM box padT20']/child::div[2]/button]]]>
    </line>
    <line>
      <![CDATA[Clicking on Customer Login Tab : [[ChromeDriver: chrome on WINDOWS (ad04c2de8db2c0e9a7610b8922272d2a)] -> xpath: //button[contains(text(),'Customer Login')]]]]>
    </line>
    <line>
      <![CDATA[Sending text to Search field : Albus Dumbledore to [[ChromeDriver: chrome on WINDOWS (ad04c2de8db2c0e9a7610b8922272d2a)] -> xpath: //select[@id='userSelect']]]]>
    </line>
    <line>
      <![CDATA[Clicking on Customer Login Tab : [[ChromeDriver: chrome on WINDOWS (ad04c2de8db2c0e9a7610b8922272d2a)] -> xpath: //button[contains(text(),'Login')]]]]>
    </line>
    <line>
      <![CDATA[Click On Deposit Tab:[[ChromeDriver: chrome on WINDOWS (ad04c2de8db2c0e9a7610b8922272d2a)] -> xpath: //button[@ng-class='btnClass2']]]]>
    </line>
    <line>
      <![CDATA[Enter Amount:100to[[ChromeDriver: chrome on WINDOWS (ad04c2de8db2c0e9a7610b8922272d2a)] -> xpath: //input[@ng-model='amount']]]]>
    </line>
    <line>
      <![CDATA[Click On Deposit Tab:[[ChromeDriver: chrome on WINDOWS (ad04c2de8db2c0e9a7610b8922272d2a)] -> xpath: //button[@type='submit']]]]>
    </line>
    <line>
      <![CDATA[Clicking on Customer Login Tab : [[ChromeDriver: chrome on WINDOWS (2e981dc92093c1dc8fb81124b1fc0b98)] -> xpath: //button[contains(text(),'Customer Login')]]]]>
    </line>
    <line>
      <![CDATA[Sending text to Search field : Albus Dumbledore to [[ChromeDriver: chrome on WINDOWS (2e981dc92093c1dc8fb81124b1fc0b98)] -> xpath: //select[@id='userSelect']]]]>
    </line>
    <line>
      <![CDATA[Clicking on Customer Login Tab : [[ChromeDriver: chrome on WINDOWS (2e981dc92093c1dc8fb81124b1fc0b98)] -> xpath: //button[contains(text(),'Login')]]]]>
    </line>
    <line>
      <![CDATA[Verify Text Logout : [[ChromeDriver: chrome on WINDOWS (2e981dc92093c1dc8fb81124b1fc0b98)] -> xpath: //button[@class='btn logout']]]]>
    </line>
    <line>
      <![CDATA[Clicking on Logout Tab : [[ChromeDriver: chrome on WINDOWS (2e981dc92093c1dc8fb81124b1fc0b98)] -> xpath: //button[contains(text(),'Logout')]]]]>
    </line>
    <line>
      <![CDATA[Verify Text Your Name : [[ChromeDriver: chrome on WINDOWS (2e981dc92093c1dc8fb81124b1fc0b98)] -> xpath: //label[text()='Your Name :']]]]>
    </line>
    <line>
      <![CDATA[Clicking on Customer Login Tab : [[ChromeDriver: chrome on WINDOWS (d2a0eefd46fc1e685a54efceb59ad133)] -> xpath: //button[contains(text(),'Customer Login')]]]]>
    </line>
    <line>
      <![CDATA[Sending text to Search field : Albus Dumbledore to [[ChromeDriver: chrome on WINDOWS (d2a0eefd46fc1e685a54efceb59ad133)] -> xpath: //select[@id='userSelect']]]]>
    </line>
    <line>
      <![CDATA[Clicking on Customer Login Tab : [[ChromeDriver: chrome on WINDOWS (d2a0eefd46fc1e685a54efceb59ad133)] -> xpath: //button[contains(text(),'Login')]]]]>
    </line>
    <line>
      <![CDATA[Click On withdraw Tab:[[ChromeDriver: chrome on WINDOWS (d2a0eefd46fc1e685a54efceb59ad133)] -> xpath: //button[@ng-class='btnClass3']]]]>
    </line>
    <line>
      <![CDATA[Enter Amount:500to[[ChromeDriver: chrome on WINDOWS (d2a0eefd46fc1e685a54efceb59ad133)] -> xpath: //input[@ng-model='amount']]]]>
    </line>
    <line>
      <![CDATA[Click On withdraw Tab:[[ChromeDriver: chrome on WINDOWS (d2a0eefd46fc1e685a54efceb59ad133)] -> xpath: //body/div[3]/div[1]/div[2]/div[1]/div[4]/div[1]/form[1]/button[1]]]]>
    </line>
    <line>
      <![CDATA[Getting Message : Proxy element for: DefaultElementLocator 'By.xpath: //body[1]/div[3]/div[1]/div[2]/div[1]/div[4]/div[1]/span[contains(text(),'Transaction successful')]']]>
    </line>
  </reporter-output>
  <suite name="Regression suite" duration-ms="74171" started-at="2022-12-13T20:19:46 GMT" finished-at="2022-12-13T20:21:00 GMT">
    <groups>
      <group name="regression">
        <method signature="BankTest.bankManagerShouldAddCustomerSuccessfully()[pri:0, instance:com.bank.testsuite.BankTest@7276c8cd]" name="bankManagerShouldAddCustomerSuccessfully" class="com.bank.testsuite.BankTest"/>
        <method signature="BankTest.bankManagerShouldOpenAccountSuccessfully()[pri:0, instance:com.bank.testsuite.BankTest@7276c8cd]" name="bankManagerShouldOpenAccountSuccessfully" class="com.bank.testsuite.BankTest"/>
        <method signature="BankTest.customerShouldDepositMoneySuccessfully()[pri:0, instance:com.bank.testsuite.BankTest@7276c8cd]" name="customerShouldDepositMoneySuccessfully" class="com.bank.testsuite.BankTest"/>
        <method signature="BankTest.customerShouldLoginAndLogoutSuccessfully()[pri:0, instance:com.bank.testsuite.BankTest@7276c8cd]" name="customerShouldLoginAndLogoutSuccessfully" class="com.bank.testsuite.BankTest"/>
        <method signature="BankTest.customerShouldWithdrawMoneySuccessfully()[pri:0, instance:com.bank.testsuite.BankTest@7276c8cd]" name="customerShouldWithdrawMoneySuccessfully" class="com.bank.testsuite.BankTest"/>
      </group> <!-- regression -->
      <group name="smoke">
        <method signature="BankTest.bankManagerShouldOpenAccountSuccessfully()[pri:0, instance:com.bank.testsuite.BankTest@7276c8cd]" name="bankManagerShouldOpenAccountSuccessfully" class="com.bank.testsuite.BankTest"/>
      </group> <!-- smoke -->
      <group name="sanity">
        <method signature="BankTest.bankManagerShouldAddCustomerSuccessfully()[pri:0, instance:com.bank.testsuite.BankTest@7276c8cd]" name="bankManagerShouldAddCustomerSuccessfully" class="com.bank.testsuite.BankTest"/>
      </group> <!-- sanity -->
    </groups>
    <test name="regression Test" duration-ms="74171" started-at="2022-12-13T20:19:46 GMT" finished-at="2022-12-13T20:21:00 GMT">
      <class name="com.bank.testsuite.BankTest">
        <test-method status="PASS" signature="setUp()[pri:0, instance:com.bank.testsuite.BankTest@7276c8cd]" name="setUp" is-config="true" duration-ms="4411" started-at="2022-12-13T20:19:46 GMT" finished-at="2022-12-13T20:19:50 GMT">
          <reporter-output>
          </reporter-output>
        </test-method> <!-- setUp -->
        <test-method status="PASS" signature="inIt()[pri:0, instance:com.bank.testsuite.BankTest@7276c8cd]" name="inIt" is-config="true" duration-ms="23" started-at="2022-12-13T20:19:50 GMT" finished-at="2022-12-13T20:19:50 GMT">
          <reporter-output>
          </reporter-output>
        </test-method> <!-- inIt -->
        <test-method status="PASS" signature="bankManagerShouldAddCustomerSuccessfully()[pri:0, instance:com.bank.testsuite.BankTest@7276c8cd]" name="bankManagerShouldAddCustomerSuccessfully" duration-ms="6210" started-at="2022-12-13T20:19:50 GMT" finished-at="2022-12-13T20:19:57 GMT">
          <reporter-output>
            <line>
              <![CDATA[Click On Bank Manager Login Tab:[[ChromeDriver: chrome on WINDOWS (7560ad16735da06bb96fab0986b9228f)] -> xpath: //div[@class='borderM box padT20']/child::div[2]/button]]]>
            </line>
            <line>
              <![CDATA[Click On Add customer Tab:[[ChromeDriver: chrome on WINDOWS (7560ad16735da06bb96fab0986b9228f)] -> xpath: //button[@ng-class='btnClass1']]]]>
            </line>
            <line>
              <![CDATA[Clicking on Add Customer Tab : [[ChromeDriver: chrome on WINDOWS (7560ad16735da06bb96fab0986b9228f)] -> xpath: //button[@class='btn btn-default']]]]>
            </line>
          </reporter-output>
        </test-method> <!-- bankManagerShouldAddCustomerSuccessfully -->
        <test-method status="PASS" signature="tearDown()[pri:0, instance:com.bank.testsuite.BankTest@7276c8cd]" name="tearDown" is-config="true" duration-ms="733" started-at="2022-12-13T20:19:57 GMT" finished-at="2022-12-13T20:19:57 GMT">
          <reporter-output>
          </reporter-output>
        </test-method> <!-- tearDown -->
        <test-method status="PASS" signature="setUp()[pri:0, instance:com.bank.testsuite.BankTest@7276c8cd]" name="setUp" is-config="true" duration-ms="3346" started-at="2022-12-13T20:19:57 GMT" finished-at="2022-12-13T20:20:01 GMT">
          <reporter-output>
          </reporter-output>
        </test-method> <!-- setUp -->
        <test-method status="PASS" signature="inIt()[pri:0, instance:com.bank.testsuite.BankTest@7276c8cd]" name="inIt" is-config="true" duration-ms="2" started-at="2022-12-13T20:20:01 GMT" finished-at="2022-12-13T20:20:01 GMT">
          <reporter-output>
          </reporter-output>
        </test-method> <!-- inIt -->
        <test-method status="PASS" signature="bankManagerShouldOpenAccountSuccessfully()[pri:0, instance:com.bank.testsuite.BankTest@7276c8cd]" name="bankManagerShouldOpenAccountSuccessfully" duration-ms="1157" started-at="2022-12-13T20:20:01 GMT" finished-at="2022-12-13T20:20:02 GMT">
          <reporter-output>
            <line>
              <![CDATA[Click On Bank Manager Login Tab:[[ChromeDriver: chrome on WINDOWS (588a311359608cd71347d5b9d16f0187)] -> xpath: //div[@class='borderM box padT20']/child::div[2]/button]]]>
            </line>
          </reporter-output>
        </test-method> <!-- bankManagerShouldOpenAccountSuccessfully -->
        <test-method status="PASS" signature="tearDown()[pri:0, instance:com.bank.testsuite.BankTest@7276c8cd]" name="tearDown" is-config="true" duration-ms="672" started-at="2022-12-13T20:20:02 GMT" finished-at="2022-12-13T20:20:02 GMT">
          <reporter-output>
          </reporter-output>
        </test-method> <!-- tearDown -->
        <test-method status="PASS" signature="setUp()[pri:0, instance:com.bank.testsuite.BankTest@7276c8cd]" name="setUp" is-config="true" duration-ms="3159" started-at="2022-12-13T20:20:02 GMT" finished-at="2022-12-13T20:20:06 GMT">
          <reporter-output>
          </reporter-output>
        </test-method> <!-- setUp -->
        <test-method status="PASS" signature="inIt()[pri:0, instance:com.bank.testsuite.BankTest@7276c8cd]" name="inIt" is-config="true" duration-ms="2" started-at="2022-12-13T20:20:06 GMT" finished-at="2022-12-13T20:20:06 GMT">
          <reporter-output>
          </reporter-output>
        </test-method> <!-- inIt -->
        <test-method status="PASS" signature="customerShouldDepositMoneySuccessfully()[pri:0, instance:com.bank.testsuite.BankTest@7276c8cd]" name="customerShouldDepositMoneySuccessfully" duration-ms="1661" started-at="2022-12-13T20:20:06 GMT" finished-at="2022-12-13T20:20:07 GMT">
          <reporter-output>
            <line>
              <![CDATA[Clicking on Customer Login Tab : [[ChromeDriver: chrome on WINDOWS (ad04c2de8db2c0e9a7610b8922272d2a)] -> xpath: //button[contains(text(),'Customer Login')]]]]>
            </line>
            <line>
              <![CDATA[Sending text to Search field : Albus Dumbledore to [[ChromeDriver: chrome on WINDOWS (ad04c2de8db2c0e9a7610b8922272d2a)] -> xpath: //select[@id='userSelect']]]]>
            </line>
            <line>
              <![CDATA[Clicking on Customer Login Tab : [[ChromeDriver: chrome on WINDOWS (ad04c2de8db2c0e9a7610b8922272d2a)] -> xpath: //button[contains(text(),'Login')]]]]>
            </line>
            <line>
              <![CDATA[Click On Deposit Tab:[[ChromeDriver: chrome on WINDOWS (ad04c2de8db2c0e9a7610b8922272d2a)] -> xpath: //button[@ng-class='btnClass2']]]]>
            </line>
            <line>
              <![CDATA[Enter Amount:100to[[ChromeDriver: chrome on WINDOWS (ad04c2de8db2c0e9a7610b8922272d2a)] -> xpath: //input[@ng-model='amount']]]]>
            </line>
            <line>
              <![CDATA[Click On Deposit Tab:[[ChromeDriver: chrome on WINDOWS (ad04c2de8db2c0e9a7610b8922272d2a)] -> xpath: //button[@type='submit']]]]>
            </line>
          </reporter-output>
        </test-method> <!-- customerShouldDepositMoneySuccessfully -->
        <test-method status="PASS" signature="tearDown()[pri:0, instance:com.bank.testsuite.BankTest@7276c8cd]" name="tearDown" is-config="true" duration-ms="704" started-at="2022-12-13T20:20:07 GMT" finished-at="2022-12-13T20:20:08 GMT">
          <reporter-output>
          </reporter-output>
        </test-method> <!-- tearDown -->
        <test-method status="PASS" signature="setUp()[pri:0, instance:com.bank.testsuite.BankTest@7276c8cd]" name="setUp" is-config="true" duration-ms="3200" started-at="2022-12-13T20:20:08 GMT" finished-at="2022-12-13T20:20:11 GMT">
          <reporter-output>
          </reporter-output>
        </test-method> <!-- setUp -->
        <test-method status="PASS" signature="inIt()[pri:0, instance:com.bank.testsuite.BankTest@7276c8cd]" name="inIt" is-config="true" duration-ms="1" started-at="2022-12-13T20:20:11 GMT" finished-at="2022-12-13T20:20:11 GMT">
          <reporter-output>
          </reporter-output>
        </test-method> <!-- inIt -->
        <test-method status="PASS" signature="customerShouldLoginAndLogoutSuccessfully()[pri:0, instance:com.bank.testsuite.BankTest@7276c8cd]" name="customerShouldLoginAndLogoutSuccessfully" duration-ms="1175" started-at="2022-12-13T20:20:11 GMT" finished-at="2022-12-13T20:20:12 GMT">
          <reporter-output>
            <line>
              <![CDATA[Clicking on Customer Login Tab : [[ChromeDriver: chrome on WINDOWS (2e981dc92093c1dc8fb81124b1fc0b98)] -> xpath: //button[contains(text(),'Customer Login')]]]]>
            </line>
            <line>
              <![CDATA[Sending text to Search field : Albus Dumbledore to [[ChromeDriver: chrome on WINDOWS (2e981dc92093c1dc8fb81124b1fc0b98)] -> xpath: //select[@id='userSelect']]]]>
            </line>
            <line>
              <![CDATA[Clicking on Customer Login Tab : [[ChromeDriver: chrome on WINDOWS (2e981dc92093c1dc8fb81124b1fc0b98)] -> xpath: //button[contains(text(),'Login')]]]]>
            </line>
            <line>
              <![CDATA[Verify Text Logout : [[ChromeDriver: chrome on WINDOWS (2e981dc92093c1dc8fb81124b1fc0b98)] -> xpath: //button[@class='btn logout']]]]>
            </line>
            <line>
              <![CDATA[Clicking on Logout Tab : [[ChromeDriver: chrome on WINDOWS (2e981dc92093c1dc8fb81124b1fc0b98)] -> xpath: //button[contains(text(),'Logout')]]]]>
            </line>
            <line>
              <![CDATA[Verify Text Your Name : [[ChromeDriver: chrome on WINDOWS (2e981dc92093c1dc8fb81124b1fc0b98)] -> xpath: //label[text()='Your Name :']]]]>
            </line>
          </reporter-output>
        </test-method> <!-- customerShouldLoginAndLogoutSuccessfully -->
        <test-method status="PASS" signature="tearDown()[pri:0, instance:com.bank.testsuite.BankTest@7276c8cd]" name="tearDown" is-config="true" duration-ms="700" started-at="2022-12-13T20:20:12 GMT" finished-at="2022-12-13T20:20:13 GMT">
          <reporter-output>
          </reporter-output>
        </test-method> <!-- tearDown -->
        <test-method status="PASS" signature="setUp()[pri:0, instance:com.bank.testsuite.BankTest@7276c8cd]" name="setUp" is-config="true" duration-ms="3137" started-at="2022-12-13T20:20:13 GMT" finished-at="2022-12-13T20:20:16 GMT">
          <reporter-output>
          </reporter-output>
        </test-method> <!-- setUp -->
        <test-method status="PASS" signature="inIt()[pri:0, instance:com.bank.testsuite.BankTest@7276c8cd]" name="inIt" is-config="true" duration-ms="2" started-at="2022-12-13T20:20:16 GMT" finished-at="2022-12-13T20:20:16 GMT">
          <reporter-output>
          </reporter-output>
        </test-method> <!-- inIt -->
        <test-method status="FAIL" signature="customerShouldWithdrawMoneySuccessfully()[pri:0, instance:com.bank.testsuite.BankTest@7276c8cd]" name="customerShouldWithdrawMoneySuccessfully" duration-ms="42488" started-at="2022-12-13T20:20:16 GMT" finished-at="2022-12-13T20:20:59 GMT">
          <exception class="org.openqa.selenium.NoSuchElementException">
            <message>
              <![CDATA[no such element: Unable to locate element: {"method":"xpath","selector":"//body[1]/div[3]/div[1]/div[2]/div[1]/div[4]/div[1]/span[contains(text(),'Transaction successful')]"}
  (Session info: chrome=108.0.5359.99)
For documentation on this error, please visit: https://selenium.dev/exceptions/#no_such_element
Build info: version: '4.6.0', revision: '79f1c02ae20'
System info: os.name: 'Windows 10', os.arch: 'amd64', os.version: '10.0', java.version: '1.8.0_251'
Driver info: org.openqa.selenium.chrome.ChromeDriver
Command: [d2a0eefd46fc1e685a54efceb59ad133, findElement {using=xpath, value=//body[1]/div[3]/div[1]/div[2]/div[1]/div[4]/div[1]/span[contains(text(),'Transaction successful')]}]
Capabilities {acceptInsecureCerts: false, browserName: chrome, browserVersion: 108.0.5359.99, chrome: {chromedriverVersion: 108.0.5359.71 (1e0e3868ee06..., userDataDir: C:\Users\kinmi\AppData\Loca...}, goog:chromeOptions: {debuggerAddress: localhost:55142}, networkConnectionEnabled: false, pageLoadStrategy: normal, platformName: WINDOWS, proxy: Proxy(), se:cdp: ws://localhost:55142/devtoo..., se:cdpVersion: 108.0.5359.99, setWindowRect: true, strictFileInteractability: false, timeouts: {implicit: 0, pageLoad: 300000, script: 30000}, unhandledPromptBehavior: dismiss and notify, webauthn:extension:credBlob: true, webauthn:extension:largeBlob: true, webauthn:virtualAuthenticators: true}
Session ID: d2a0eefd46fc1e685a54efceb59ad133]]>
            </message>
            <full-stacktrace>
              <![CDATA[org.openqa.selenium.NoSuchElementException: no such element: Unable to locate element: {"method":"xpath","selector":"//body[1]/div[3]/div[1]/div[2]/div[1]/div[4]/div[1]/span[contains(text(),'Transaction successful')]"}
  (Session info: chrome=108.0.5359.99)
For documentation on this error, please visit: https://selenium.dev/exceptions/#no_such_element
Build info: version: '4.6.0', revision: '79f1c02ae20'
System info: os.name: 'Windows 10', os.arch: 'amd64', os.version: '10.0', java.version: '1.8.0_251'
Driver info: org.openqa.selenium.chrome.ChromeDriver
Command: [d2a0eefd46fc1e685a54efceb59ad133, findElement {using=xpath, value=//body[1]/div[3]/div[1]/div[2]/div[1]/div[4]/div[1]/span[contains(text(),'Transaction successful')]}]
Capabilities {acceptInsecureCerts: false, browserName: chrome, browserVersion: 108.0.5359.99, chrome: {chromedriverVersion: 108.0.5359.71 (1e0e3868ee06..., userDataDir: C:\Users\kinmi\AppData\Loca...}, goog:chromeOptions: {debuggerAddress: localhost:55142}, networkConnectionEnabled: false, pageLoadStrategy: normal, platformName: WINDOWS, proxy: Proxy(), se:cdp: ws://localhost:55142/devtoo..., se:cdpVersion: 108.0.5359.99, setWindowRect: true, strictFileInteractability: false, timeouts: {implicit: 0, pageLoad: 300000, script: 30000}, unhandledPromptBehavior: dismiss and notify, webauthn:extension:credBlob: true, webauthn:extension:largeBlob: true, webauthn:virtualAuthenticators: true}
Session ID: d2a0eefd46fc1e685a54efceb59ad133
at sun.reflect.NativeConstructorAccessorImpl.newInstance0(Native Method)
at sun.reflect.NativeConstructorAccessorImpl.newInstance(NativeConstructorAccessorImpl.java:62)
at sun.reflect.DelegatingConstructorAccessorImpl.newInstance(DelegatingConstructorAccessorImpl.java:45)
at java.lang.reflect.Constructor.newInstance(Constructor.java:423)
at org.openqa.selenium.remote.codec.w3c.W3CHttpResponseCodec.createException(W3CHttpResponseCodec.java:200)
at org.openqa.selenium.remote.codec.w3c.W3CHttpResponseCodec.decode(W3CHttpResponseCodec.java:133)
at org.openqa.selenium.remote.codec.w3c.W3CHttpResponseCodec.decode(W3CHttpResponseCodec.java:53)
at org.openqa.selenium.remote.HttpCommandExecutor.execute(HttpCommandExecutor.java:184)
at org.openqa.selenium.remote.service.DriverCommandExecutor.invokeExecute(DriverCommandExecutor.java:167)
at org.openqa.selenium.remote.service.DriverCommandExecutor.execute(DriverCommandExecutor.java:142)
at org.openqa.selenium.remote.RemoteWebDriver.execute(RemoteWebDriver.java:541)
at org.openqa.selenium.remote.ElementLocation$ElementFinder$2.findElement(ElementLocation.java:162)
at org.openqa.selenium.remote.ElementLocation.findElement(ElementLocation.java:60)
at org.openqa.selenium.remote.RemoteWebDriver.findElement(RemoteWebDriver.java:365)
at org.openqa.selenium.remote.RemoteWebDriver.findElement(RemoteWebDriver.java:357)
at org.openqa.selenium.support.pagefactory.DefaultElementLocator.findElement(DefaultElementLocator.java:70)
at org.openqa.selenium.support.pagefactory.internal.LocatingElementHandler.invoke(LocatingElementHandler.java:39)
at com.sun.proxy.$Proxy16.getText(Unknown Source)
at com.bank.utility.Utility.getTextFromElement(Utility.java:62)
at com.bank.pages.AccountPage.verifyTransaction(AccountPage.java:73)
at com.bank.testsuite.BankTest.customerShouldWithdrawMoneySuccessfully(BankTest.java:138)
at sun.reflect.NativeMethodAccessorImpl.invoke0(Native Method)
at sun.reflect.NativeMethodAccessorImpl.invoke(NativeMethodAccessorImpl.java:62)
at sun.reflect.DelegatingMethodAccessorImpl.invoke(DelegatingMethodAccessorImpl.java:43)
at java.lang.reflect.Method.invoke(Method.java:498)
at org.testng.internal.invokers.MethodInvocationHelper.invokeMethod(MethodInvocationHelper.java:135)
at org.testng.internal.invokers.TestInvoker.invokeMethod(TestInvoker.java:673)
at org.testng.internal.invokers.TestInvoker.invokeTestMethod(TestInvoker.java:220)
at org.testng.internal.invokers.MethodRunner.runInSequence(MethodRunner.java:50)
at org.testng.internal.invokers.TestInvoker$MethodInvocationAgent.invoke(TestInvoker.java:945)
at org.testng.internal.invokers.TestInvoker.invokeTestMethods(TestInvoker.java:193)
at org.testng.internal.invokers.TestMethodWorker.invokeTestMethods(TestMethodWorker.java:146)
at org.testng.internal.invokers.TestMethodWorker.run(TestMethodWorker.java:128)
at java.util.ArrayList.forEach(ArrayList.java:1257)
at org.testng.TestRunner.privateRun(TestRunner.java:808)
at org.testng.TestRunner.run(TestRunner.java:603)
at org.testng.SuiteRunner.runTest(SuiteRunner.java:429)
at org.testng.SuiteRunner.runSequentially(SuiteRunner.java:423)
at org.testng.SuiteRunner.privateRun(SuiteRunner.java:383)
at org.testng.SuiteRunner.run(SuiteRunner.java:326)
at org.testng.SuiteRunnerWorker.runSuite(SuiteRunnerWorker.java:52)
at org.testng.SuiteRunnerWorker.run(SuiteRunnerWorker.java:95)
at org.testng.TestNG.runSuitesSequentially(TestNG.java:1249)
at org.testng.TestNG.runSuitesLocally(TestNG.java:1169)
at org.testng.TestNG.runSuites(TestNG.java:1092)
at org.testng.TestNG.run(TestNG.java:1060)
at com.intellij.rt.testng.IDEARemoteTestNG.run(IDEARemoteTestNG.java:66)
at com.intellij.rt.testng.RemoteTestNGStarter.main(RemoteTestNGStarter.java:109)
]]>
            </full-stacktrace>
          </exception> <!-- org.openqa.selenium.NoSuchElementException -->
          <reporter-output>
            <line>
              <![CDATA[Clicking on Customer Login Tab : [[ChromeDriver: chrome on WINDOWS (d2a0eefd46fc1e685a54efceb59ad133)] -> xpath: //button[contains(text(),'Customer Login')]]]]>
            </line>
            <line>
              <![CDATA[Sending text to Search field : Albus Dumbledore to [[ChromeDriver: chrome on WINDOWS (d2a0eefd46fc1e685a54efceb59ad133)] -> xpath: //select[@id='userSelect']]]]>
            </line>
            <line>
              <![CDATA[Clicking on Customer Login Tab : [[ChromeDriver: chrome on WINDOWS (d2a0eefd46fc1e685a54efceb59ad133)] -> xpath: //button[contains(text(),'Login')]]]]>
            </line>
            <line>
              <![CDATA[Click On withdraw Tab:[[ChromeDriver: chrome on WINDOWS (d2a0eefd46fc1e685a54efceb59ad133)] -> xpath: //button[@ng-class='btnClass3']]]]>
            </line>
            <line>
              <![CDATA[Enter Amount:500to[[ChromeDriver: chrome on WINDOWS (d2a0eefd46fc1e685a54efceb59ad133)] -> xpath: //input[@ng-model='amount']]]]>
            </line>
            <line>
              <![CDATA[Click On withdraw Tab:[[ChromeDriver: chrome on WINDOWS (d2a0eefd46fc1e685a54efceb59ad133)] -> xpath: //body/div[3]/div[1]/div[2]/div[1]/div[4]/div[1]/form[1]/button[1]]]]>
            </line>
            <line>
              <![CDATA[Getting Message : Proxy element for: DefaultElementLocator 'By.xpath: //body[1]/div[3]/div[1]/div[2]/div[1]/div[4]/div[1]/span[contains(text(),'Transaction successful')]']]>
            </line>
          </reporter-output>
        </test-method> <!-- customerShouldWithdrawMoneySuccessfully -->
        <test-method status="PASS" signature="tearDown()[pri:0, instance:com.bank.testsuite.BankTest@7276c8cd]" name="tearDown" is-config="true" duration-ms="827" started-at="2022-12-13T20:20:59 GMT" finished-at="2022-12-13T20:21:00 GMT">
          <reporter-output>
          </reporter-output>
        </test-method> <!-- tearDown -->
      </class> <!-- com.bank.testsuite.BankTest -->
    </test> <!-- regression Test -->
  </suite> <!-- Regression suite -->
</testng-results>
